{"timestamp":"2024-12-03 09:27:13","level":"INFO","message":"app listening on port 3000"}
{"timestamp":"2024-12-03 09:28:02","level":"INFO","message":"app listening on port 3000"}
{"timestamp":"2024-12-03 09:32:20","level":"INFO","message":"app listening on port 3000"}
{"timestamp":"2024-12-03 09:35:13","level":"INFO","message":"app listening on port 3000"}
{"timestamp":"2024-12-03 09:35:22","level":"INFO","message":"app listening on port 3000"}
{"timestamp":"2024-12-03 09:35:35","level":"INFO","message":"app listening on port 3000"}
{"timestamp":"2024-12-03 09:36:41","level":"INFO","message":"app listening on port 3000"}
{"timestamp":"2024-12-03 09:36:57","level":"INFO","message":"app listening on port 3000"}
{"timestamp":"2024-12-03 09:37:09","level":"INFO","message":"app listening on port 3000"}
{"timestamp":"2024-12-03 09:37:31","level":"INFO","message":"app listening on port 3000"}
{"timestamp":"2024-12-03 09:37:53","level":"INFO","message":"app listening on port 3000"}
{"timestamp":"2024-12-03 09:39:42","level":"INFO","message":"app listening on port 3000"}
{"timestamp":"2024-12-03 09:44:11","level":"INFO","message":"app listening on port 3000"}
{"timestamp":"2024-12-03 09:46:39","level":"INFO","message":"app listening on port 3000"}
{"timestamp":"2024-12-03 09:48:00","level":"INFO","message":"User created successfully","meta":{"statusCode":201,"request":{"ip":"::1","method":"POST","url":"/api/user/register"},"message":"User created successfully","data":{"user":{"ID":"009","password":"$2a$10$b3djYJDFnRDrrn9OUTR8ZO0Z12Bwu2iZKiu/qUVhlqaZbWWGKKTlC","userName":"abc9","email":"abc9@gmail.com","_id":"674e8678389f7130c0b56915","createdAt":"2024-12-03T04:18:00.601Z","updatedAt":"2024-12-03T04:18:00.601Z","__v":0}}}}
{"timestamp":"2024-12-03 09:51:22","level":"INFO","message":"app listening on port 3000"}
{"timestamp":"2024-12-03 09:51:47","level":"WARN","message":"User already exists","meta":{"statusCode":400,"request":{"ip":"::1","method":"POST","url":"/api/user/register"},"message":"User with this email already exists","data":null}}
{"timestamp":"2024-12-03 09:53:32","level":"INFO","message":"User created successfully","meta":{"statusCode":201,"request":{"ip":"::1","method":"POST","url":"/api/user/register"},"message":"User created successfully","data":{"user":{"userId":"0010","email":"abc10@gmail.com","createdAt":"2024-12-03T04:23:32.754Z"}}}}
{"timestamp":"2024-12-03 09:54:24","level":"INFO","message":"app listening on port 3000"}
{"timestamp":"2024-12-03 09:55:56","level":"INFO","message":"app listening on port 3000"}
{"timestamp":"2024-12-03 09:57:35","level":"INFO","message":"app listening on port 3000"}
{"timestamp":"2024-12-03 09:58:34","level":"INFO","message":"app listening on port 3000"}
{"timestamp":"2024-12-03 09:58:55","level":"INFO","message":"app listening on port 3000"}
{"timestamp":"2024-12-03 10:00:19","level":"INFO","message":"app listening on port 3000"}
{"timestamp":"2024-12-03 10:00:29","level":"INFO","message":"app listening on port 3000"}
{"timestamp":"2024-12-03 10:01:23","level":"INFO","message":"app listening on port 3000"}
{"timestamp":"2024-12-03 10:09:36","level":"INFO","message":"app listening on port 3000"}
{"timestamp":"2024-12-03 10:09:44","level":"INFO","message":"app listening on port 3000"}
{"timestamp":"2024-12-03 10:09:55","level":"INFO","message":"app listening on port 3000"}
{"timestamp":"2024-12-03 10:11:15","level":"INFO","message":"app listening on port 3000"}
{"timestamp":"2024-12-03 10:11:36","level":"INFO","message":"app listening on port 3000"}
{"timestamp":"2024-12-03 10:11:49","level":"INFO","message":"app listening on port 3000"}
{"timestamp":"2024-12-03 10:14:04","level":"INFO","message":"app listening on port 3000"}
{"timestamp":"2024-12-03 10:14:24","level":"INFO","message":"app listening on port 3000"}
{"timestamp":"2024-12-03 10:14:59","level":"INFO","message":"app listening on port 3000"}
{"timestamp":"2024-12-04 17:16:56","level":"INFO","message":"app listening on port 3000"}
{"timestamp":"2024-12-04 17:18:21","level":"INFO","message":"app listening on port 3000"}
{"timestamp":"2024-12-04 17:22:06","level":"INFO","message":"app listening on port 4000"}
{"timestamp":"2024-12-04 17:25:31","level":"INFO","message":"app listening on port 4000"}
{"timestamp":"2024-12-04 17:27:42","level":"INFO","message":"app listening on port 4000"}
{"timestamp":"2024-12-04 17:27:55","level":"INFO","message":"app listening on port 4000"}
{"timestamp":"2024-12-04 17:31:19","level":"INFO","message":"app listening on port 4000"}
{"timestamp":"2024-12-04 17:36:25","level":"INFO","message":"app listening on port 4000"}
{"timestamp":"2024-12-04 17:41:47","level":"INFO","message":"app listening on port 4000"}
{"timestamp":"2024-12-05 09:02:47","level":"INFO","message":"app listening on port 4000"}
{"timestamp":"2024-12-05 09:03:38","level":"INFO","message":"app listening on port 4000"}
{"timestamp":"2024-12-05 09:14:49","level":"INFO","message":"app listening on port 4000"}
{"timestamp":"2024-12-05 10:02:07","level":"INFO","message":"app listening on port 4000"}
{"timestamp":"2024-12-05 10:04:26","level":"INFO","message":"app listening on port 4000"}
{"timestamp":"2024-12-05 10:06:26","level":"INFO","message":"app listening on port 4000"}
{"timestamp":"2024-12-05 10:10:40","level":"INFO","message":"app listening on port 4000"}
{"timestamp":"2024-12-05 10:30:46","level":"INFO","message":"app listening on port 4000"}
{"timestamp":"2024-12-05 10:34:38","level":"INFO","message":"app listening on port 4000"}
{"timestamp":"2024-12-05 10:45:54","level":"INFO","message":"app listening on port 4000"}
{"timestamp":"2024-12-05 10:46:20","level":"INFO","message":"app listening on port 4000"}
{"timestamp":"2024-12-05 11:43:20","level":"INFO","message":"app listening on port 4000"}
{"timestamp":"2024-12-05 11:43:35","level":"INFO","message":"app listening on port 4000"}
{"timestamp":"2024-12-05 11:43:48","level":"INFO","message":"app listening on port 4000"}
{"timestamp":"2024-12-05 11:44:00","level":"INFO","message":"app listening on port 4000"}
{"timestamp":"2024-12-05 11:52:19","level":"INFO","message":"app listening on port 4000"}
{"timestamp":"2024-12-05 11:52:51","level":"INFO","message":"app listening on port 4000"}
{"timestamp":"2024-12-05 11:54:52","level":"INFO","message":"app listening on port 4000"}
{"timestamp":"2024-12-05 11:57:34","level":"INFO","message":"app listening on port 4000"}
{"timestamp":"2024-12-05 12:00:00","level":"INFO","message":"app listening on port 4000"}
{"timestamp":"2024-12-05 12:07:51","level":"INFO","message":"app listening on port 4000"}
{"timestamp":"2024-12-05 12:08:29","level":"INFO","message":"app listening on port 4000"}
{"timestamp":"2024-12-05 12:09:13","level":"INFO","message":"app listening on port 4000"}
{"timestamp":"2024-12-05 12:09:19","level":"INFO","message":"app listening on port 4000"}
{"timestamp":"2024-12-05 12:09:28","level":"INFO","message":"app listening on port 4000"}
{"timestamp":"2024-12-05 12:11:31","level":"INFO","message":"app listening on port 4000"}
{"timestamp":"2024-12-05 12:12:43","level":"INFO","message":"app listening on port 4000"}
{"timestamp":"2024-12-05 12:15:36","level":"INFO","message":"app listening on port 4000"}
{"timestamp":"2024-12-05 12:15:52","level":"INFO","message":"app listening on port 4000"}
{"timestamp":"2024-12-05 12:16:23","level":"INFO","message":"app listening on port 4000"}
{"timestamp":"2024-12-05 13:12:39","level":"INFO","message":"app listening on port 4000"}
{"timestamp":"2024-12-05 13:14:03","level":"INFO","message":"app listening on port 4000"}
{"timestamp":"2024-12-05 13:18:46","level":"INFO","message":"app listening on port 4000"}
{"timestamp":"2024-12-05 13:18:54","level":"INFO","message":"app listening on port 4000"}
{"timestamp":"2024-12-05 13:22:21","level":"INFO","message":"app listening on port 4000"}
{"timestamp":"2024-12-05 13:35:23","level":"INFO","message":"app listening on port 4000"}
{"timestamp":"2024-12-05 13:36:31","level":"INFO","message":"app listening on port 4000"}
{"timestamp":"2024-12-05 13:40:44","level":"INFO","message":"app listening on port 4000"}
{"timestamp":"2024-12-05 13:54:27","level":"INFO","message":"app listening on port 4000"}
{"timestamp":"2024-12-05 13:57:19","level":"INFO","message":"app listening on port 4000"}
{"timestamp":"2024-12-05 13:58:56","level":"INFO","message":"app listening on port 4000"}
{"timestamp":"2024-12-05 14:01:37","level":"INFO","message":"app listening on port 4000"}
{"timestamp":"2024-12-05 14:02:01","level":"INFO","message":"app listening on port 4000"}
{"timestamp":"2024-12-05 14:03:35","level":"INFO","message":"app listening on port 4000"}
{"timestamp":"2024-12-05 14:04:41","level":"INFO","message":"app listening on port 4000"}
{"timestamp":"2024-12-05 14:07:04","level":"INFO","message":"app listening on port 4000"}
{"timestamp":"2024-12-05 17:26:08","level":"INFO","message":"app listening on port 4000"}
{"timestamp":"2024-12-05 17:27:14","level":"INFO","message":"app listening on port 4000"}
{"timestamp":"2024-12-05 17:27:53","level":"INFO","message":"app listening on port 4000"}
{"timestamp":"2024-12-05 17:31:42","level":"INFO","message":"app listening on port 4000"}
{"timestamp":"2024-12-05 17:34:03","level":"INFO","message":"app listening on port 4000"}
{"timestamp":"2024-12-05 17:35:16","level":"INFO","message":"app listening on port 4000"}
{"timestamp":"2024-12-05 17:35:50","level":"INFO","message":"app listening on port 4000"}
{"timestamp":"2024-12-05 17:36:46","level":"INFO","message":"app listening on port 4000"}
{"timestamp":"2024-12-05 17:37:12","level":"INFO","message":"app listening on port 4000"}
{"timestamp":"2024-12-05 17:39:21","level":"INFO","message":"app listening on port 4000"}
{"timestamp":"2024-12-05 17:40:40","level":"INFO","message":"app listening on port 4000"}
{"timestamp":"2024-12-05 17:41:16","level":"INFO","message":"app listening on port 4000"}
{"timestamp":"2024-12-05 17:42:30","level":"INFO","message":"app listening on port 4000"}
{"timestamp":"2024-12-05 17:43:44","level":"INFO","message":"app listening on port 4000"}
{"timestamp":"2024-12-06 08:58:53","level":"INFO","message":"app listening on port 4000"}
{"timestamp":"2024-12-06 09:01:06","level":"INFO","message":"app listening on port 4000"}
{"timestamp":"2024-12-06 09:09:49","level":"INFO","message":"app listening on port 4000"}
{"timestamp":"2024-12-06 09:15:51","level":"INFO","message":"app listening on port 4000"}
{"timestamp":"2024-12-06 09:16:33","level":"INFO","message":"app listening on port 4000"}
{"timestamp":"2024-12-06 09:26:46","level":"INFO","message":"app listening on port 4000"}
{"timestamp":"2024-12-06 09:43:18","level":"INFO","message":"app listening on port 4000"}
{"timestamp":"2024-12-06 09:44:57","level":"INFO","message":"app listening on port 4000"}
{"timestamp":"2024-12-06 09:46:05","level":"INFO","message":"app listening on port 4000"}
{"timestamp":"2024-12-06 09:47:51","level":"INFO","message":"app listening on port 4000"}
{"timestamp":"2024-12-06 09:51:55","level":"INFO","message":"app listening on port 4000"}
{"timestamp":"2024-12-06 09:52:04","level":"INFO","message":"app listening on port 4000"}
{"timestamp":"2024-12-06 09:52:12","level":"INFO","message":"app listening on port 4000"}
{"timestamp":"2024-12-06 09:52:57","level":"INFO","message":"app listening on port 4000"}
{"timestamp":"2024-12-06 10:04:20","level":"INFO","message":"app listening on port 4000"}
{"timestamp":"2024-12-06 10:04:46","level":"INFO","message":"app listening on port 4000"}
{"timestamp":"2024-12-06 10:09:58","level":"INFO","message":"app listening on port 4000"}
{"timestamp":"2024-12-06 10:16:32","level":"INFO","message":"app listening on port 4000"}
{"timestamp":"2024-12-06 10:16:48","level":"INFO","message":"app listening on port 4000"}
{"timestamp":"2024-12-06 10:21:45","level":"INFO","message":"app listening on port 4000"}
{"timestamp":"2024-12-06 10:22:51","level":"INFO","message":"app listening on port 4000"}
{"timestamp":"2024-12-06 10:23:34","level":"INFO","message":"app listening on port 4000"}
{"timestamp":"2024-12-06 10:24:28","level":"INFO","message":"app listening on port 4000"}
{"timestamp":"2024-12-06 10:24:42","level":"INFO","message":"app listening on port 4000"}
{"timestamp":"2024-12-06 10:27:28","level":"INFO","message":"app listening on port 4000"}
{"timestamp":"2024-12-06 10:27:44","level":"INFO","message":"app listening on port 4000"}
{"timestamp":"2024-12-06 10:31:31","level":"INFO","message":"app listening on port 4000"}
{"timestamp":"2024-12-06 10:31:36","level":"INFO","message":"app listening on port 4000"}
{"timestamp":"2024-12-06 10:32:39","level":"INFO","message":"app listening on port 4000"}
{"timestamp":"2024-12-06 10:33:01","level":"INFO","message":"app listening on port 4000"}
{"timestamp":"2024-12-06 10:34:05","level":"INFO","message":"app listening on port 4000"}
{"timestamp":"2024-12-06 10:37:07","level":"INFO","message":"app listening on port 4000"}
{"timestamp":"2024-12-06 11:01:53","level":"INFO","message":"app listening on port 4000"}
{"timestamp":"2024-12-06 11:02:58","level":"INFO","message":"app listening on port 4000"}
{"timestamp":"2024-12-06 11:10:42","level":"INFO","message":"app listening on port 4000"}
{"timestamp":"2024-12-06 11:11:23","level":"INFO","message":"app listening on port 4000"}
{"timestamp":"2024-12-06 11:12:24","level":"INFO","message":"app listening on port 4000"}
{"timestamp":"2024-12-06 11:13:13","level":"INFO","message":"app listening on port 4000"}
{"timestamp":"2024-12-06 11:16:01","level":"INFO","message":"app listening on port 4000"}
{"timestamp":"2024-12-06 11:22:49","level":"INFO","message":"app listening on port 4000"}
{"timestamp":"2024-12-06 11:36:43","level":"INFO","message":"app listening on port 4000"}
{"timestamp":"2024-12-06 11:38:05","level":"INFO","message":"app listening on port 4000"}
{"timestamp":"2024-12-06 11:38:14","level":"INFO","message":"app listening on port 4000"}
{"timestamp":"2024-12-06 11:42:25","level":"INFO","message":"app listening on port 4000"}
{"timestamp":"2024-12-06 12:12:58","level":"INFO","message":"app listening on port 4000"}
{"timestamp":"2024-12-06 12:13:09","level":"INFO","message":"app listening on port 4000"}
{"timestamp":"2024-12-06 12:13:15","level":"INFO","message":"app listening on port 4000"}
{"timestamp":"2024-12-06 12:14:26","level":"INFO","message":"app listening on port 4000"}
{"timestamp":"2024-12-06 12:14:33","level":"INFO","message":"app listening on port 4000"}
{"timestamp":"2024-12-06 12:14:42","level":"INFO","message":"app listening on port 4000"}
{"timestamp":"2024-12-06 12:15:32","level":"INFO","message":"app listening on port 4000"}
{"timestamp":"2024-12-06 12:17:16","level":"INFO","message":"app listening on port 4000"}
{"timestamp":"2024-12-06 12:17:29","level":"INFO","message":"app listening on port 4000"}
{"timestamp":"2024-12-06 12:18:01","level":"INFO","message":"app listening on port 4000"}
{"timestamp":"2024-12-06 12:20:55","level":"INFO","message":"app listening on port 4000"}
{"timestamp":"2024-12-06 12:25:00","level":"INFO","message":"app listening on port 4000"}
{"timestamp":"2024-12-06 12:27:04","level":"INFO","message":"app listening on port 4000"}
{"timestamp":"2024-12-06 12:28:12","level":"INFO","message":"app listening on port 4000"}
{"timestamp":"2024-12-06 12:31:31","level":"INFO","message":"app listening on port 4000"}
{"timestamp":"2024-12-06 12:32:03","level":"INFO","message":"app listening on port 4000"}
{"timestamp":"2024-12-06 12:32:22","level":"INFO","message":"app listening on port 4000"}
{"timestamp":"2024-12-06 12:32:39","level":"INFO","message":"app listening on port 4000"}
{"timestamp":"2024-12-06 12:32:44","level":"INFO","message":"app listening on port 4000"}
{"timestamp":"2024-12-06 12:32:51","level":"INFO","message":"app listening on port 4000"}
{"timestamp":"2024-12-06 12:33:45","level":"INFO","message":"app listening on port 4000"}
{"timestamp":"2024-12-06 13:42:48","level":"INFO","message":"app listening on port 4000"}
{"timestamp":"2024-12-06 13:44:25","level":"INFO","message":"app listening on port 4000"}
{"timestamp":"2024-12-06 14:10:14","level":"INFO","message":"app listening on port 4000"}
{"timestamp":"2024-12-06 14:11:15","level":"INFO","message":"app listening on port 4000"}
{"timestamp":"2024-12-06 14:11:54","level":"INFO","message":"app listening on port 4000"}
{"timestamp":"2024-12-06 14:58:07","level":"INFO","message":"app listening on port 4000"}
{"timestamp":"2024-12-06 15:02:43","level":"INFO","message":"app listening on port 4000"}
{"timestamp":"2024-12-06 15:03:30","level":"INFO","message":"app listening on port 4000"}
{"timestamp":"2024-12-06 15:22:02","level":"INFO","message":"app listening on port 4000"}
{"timestamp":"2024-12-06 15:22:35","level":"INFO","message":"app listening on port 4000"}
{"timestamp":"2024-12-06 15:26:07","level":"INFO","message":"app listening on port 4000"}
{"timestamp":"2024-12-06 15:28:46","level":"INFO","message":"app listening on port 4000"}
{"timestamp":"2024-12-06 15:29:36","level":"INFO","message":"app listening on port 4000"}
{"timestamp":"2024-12-06 15:30:20","level":"INFO","message":"app listening on port 4000"}
{"timestamp":"2024-12-06 15:32:37","level":"INFO","message":"app listening on port 4000"}
{"timestamp":"2024-12-06 15:33:27","level":"INFO","message":"app listening on port 4000"}
{"timestamp":"2024-12-06 15:36:29","level":"INFO","message":"app listening on port 4000"}
{"timestamp":"2024-12-09 09:32:08","level":"INFO","message":"app listening on port 4000"}
{"timestamp":"2024-12-09 11:15:49","level":"INFO","message":"app listening on port 4000"}
{"timestamp":"2024-12-10 09:46:26","level":"INFO","message":"app listening on port 4000"}
{"timestamp":"2024-12-10 11:42:56","level":"INFO","message":"app listening on port 4000"}
{"timestamp":"2024-12-10 11:45:00","level":"INFO","message":"app listening on port 4000"}
{"timestamp":"2024-12-10 11:45:15","level":"INFO","message":"app listening on port 4000"}
{"timestamp":"2024-12-10 12:20:41","level":"INFO","message":"app listening on port 4000"}
{"timestamp":"2024-12-10 13:56:31","level":"INFO","message":"app listening on port 4000"}
{"timestamp":"2024-12-10 13:57:48","level":"INFO","message":"app listening on port 4000"}
{"timestamp":"2024-12-11 10:46:42","level":"INFO","message":"app listening on port 4000"}
{"timestamp":"2024-12-27 10:24:27","level":"INFO","message":"app listening on port 4000"}
{"timestamp":"2024-12-30 16:23:46","level":"INFO","message":"app listening on port 4000"}
{"timestamp":"2024-12-30 16:28:04","level":"INFO","message":"app listening on port 4000"}
{"timestamp":"2024-12-31 10:24:33","level":"INFO","message":"app listening on port 4000"}
{"timestamp":"2024-12-31 10:34:10","level":"INFO","message":"app listening on port 4000"}
{"timestamp":"2024-12-31 10:34:20","level":"INFO","message":"app listening on port 4000"}
{"timestamp":"2024-12-31 10:35:28","level":"INFO","message":"app listening on port 4000"}
{"timestamp":"2024-12-31 10:51:04","level":"INFO","message":"app listening on port 4000"}
{"timestamp":"2024-12-31 11:31:18","level":"INFO","message":"app listening on port 4000"}
{"timestamp":"2024-12-31 11:31:46","level":"INFO","message":"app listening on port 4000"}
{"timestamp":"2024-12-31 12:01:09","level":"INFO","message":"app listening on port 4000"}
{"timestamp":"2024-12-31 12:05:14","level":"INFO","message":"User created successfully","meta":{"statusCode":201,"request":{"ip":"::1","method":"POST","url":"/api/user/register"},"message":"User created successfully","data":{"user":{"userId":"0010","email":"abc@gmail.com","createdAt":"2024-12-31T06:35:14.004Z"}}}}
{"timestamp":"2024-12-31 12:05:35","level":"INFO","message":"Login successful","meta":{"statusCode":200,"request":{"ip":"::1","method":"POST","url":"/api/user/login"},"message":"Login successful","data":null}}
{"timestamp":"2024-12-31 13:37:42","level":"INFO","message":"app listening on port 4000"}
{"timestamp":"2024-12-31 13:40:10","level":"INFO","message":"app listening on port 4000"}
{"timestamp":"2024-12-31 13:40:22","level":"INFO","message":"app listening on port 4000"}
{"timestamp":"2024-12-31 13:40:49","level":"INFO","message":"app listening on port 4000"}
{"timestamp":"2024-12-31 14:01:36","level":"INFO","message":"app listening on port 4000"}
{"timestamp":"2024-12-31 14:05:05","level":"INFO","message":"app listening on port 4000"}
{"timestamp":"2024-12-31 14:05:19","level":"INFO","message":"app listening on port 4000"}
{"timestamp":"2024-12-31 14:07:01","level":"INFO","message":"app listening on port 4000"}
{"timestamp":"2024-12-31 14:08:22","level":"INFO","message":"app listening on port 4000"}
{"timestamp":"2024-12-31 14:08:35","level":"INFO","message":"app listening on port 4000"}
{"timestamp":"2024-12-31 14:09:03","level":"INFO","message":"app listening on port 4000"}
{"timestamp":"2024-12-31 14:09:19","level":"INFO","message":"app listening on port 4000"}
{"timestamp":"2024-12-31 14:13:23","level":"INFO","message":"app listening on port 4000"}
{"timestamp":"2024-12-31 14:13:35","level":"INFO","message":"app listening on port 4000"}
{"timestamp":"2024-12-31 14:15:25","level":"INFO","message":"app listening on port 4000"}
{"timestamp":"2024-12-31 14:17:57","level":"INFO","message":"app listening on port 4000"}
{"timestamp":"2024-12-31 14:20:01","level":"INFO","message":"app listening on port 4000"}
{"timestamp":"2024-12-31 14:30:57","level":"INFO","message":"app listening on port 4000"}
{"timestamp":"2024-12-31 14:31:04","level":"INFO","message":"app listening on port 4000"}
{"timestamp":"2024-12-31 14:39:10","level":"INFO","message":"app listening on port 4000"}
{"timestamp":"2024-12-31 14:40:42","level":"INFO","message":"app listening on port 4000"}
{"timestamp":"2024-12-31 14:41:11","level":"INFO","message":"app listening on port 4000"}
{"timestamp":"2024-12-31 14:42:02","level":"INFO","message":"app listening on port 4000"}
{"timestamp":"2024-12-31 14:43:23","level":"INFO","message":"app listening on port 4000"}
{"timestamp":"2024-12-31 14:47:57","level":"INFO","message":"app listening on port 4000"}
{"timestamp":"2024-12-31 14:48:25","level":"INFO","message":"app listening on port 4000"}
{"timestamp":"2024-12-31 14:51:24","level":"INFO","message":"app listening on port 4000"}
{"timestamp":"2024-12-31 14:52:54","level":"INFO","message":"app listening on port 4000"}
{"timestamp":"2024-12-31 14:56:32","level":"INFO","message":"app listening on port 4000"}
{"timestamp":"2024-12-31 14:58:43","level":"INFO","message":"app listening on port 4000"}
{"timestamp":"2024-12-31 15:00:37","level":"INFO","message":"app listening on port 4000"}
{"timestamp":"2024-12-31 15:00:49","level":"INFO","message":"app listening on port 4000"}
{"timestamp":"2024-12-31 15:01:00","level":"INFO","message":"app listening on port 4000"}
{"timestamp":"2024-12-31 15:01:30","level":"INFO","message":"app listening on port 4000"}
{"timestamp":"2024-12-31 15:01:43","level":"INFO","message":"app listening on port 4000"}
{"timestamp":"2024-12-31 15:01:53","level":"INFO","message":"app listening on port 4000"}
{"timestamp":"2024-12-31 15:03:40","level":"INFO","message":"app listening on port 4000"}
{"timestamp":"2024-12-31 15:10:12","level":"INFO","message":"app listening on port 4000"}
{"timestamp":"2024-12-31 15:10:30","level":"INFO","message":"app listening on port 4000"}
{"timestamp":"2024-12-31 15:11:12","level":"INFO","message":"app listening on port 4000"}
{"timestamp":"2024-12-31 15:14:50","level":"INFO","message":"app listening on port 4000"}
{"timestamp":"2024-12-31 15:14:58","level":"INFO","message":"app listening on port 4000"}
{"timestamp":"2024-12-31 15:16:17","level":"INFO","message":"app listening on port 4000"}
{"timestamp":"2024-12-31 15:21:52","level":"INFO","message":"app listening on port 4000"}
{"timestamp":"2024-12-31 15:24:26","level":"INFO","message":"app listening on port 4000"}
{"timestamp":"2024-12-31 17:04:25","level":"INFO","message":"app listening on port 4000"}
{"timestamp":"2024-12-31 17:04:39","level":"INFO","message":"app listening on port 4000"}
{"timestamp":"2024-12-31 17:18:05","level":"INFO","message":"app listening on port 4000"}
{"timestamp":"2024-12-31 17:18:23","level":"INFO","message":"app listening on port 4000"}
{"timestamp":"2024-12-31 17:20:37","level":"INFO","message":"app listening on port 4000"}
{"timestamp":"2024-12-31 17:21:13","level":"INFO","message":"app listening on port 4000"}
{"timestamp":"2024-12-31 17:30:55","level":"INFO","message":"app listening on port 4000"}
{"timestamp":"2024-12-31 17:33:24","level":"INFO","message":"app listening on port 4000"}
{"timestamp":"2024-12-31 17:34:54","level":"INFO","message":"app listening on port 4000"}
{"timestamp":"2024-12-31 17:37:02","level":"INFO","message":"app listening on port 4000"}
{"timestamp":"2024-12-31 17:39:27","level":"INFO","message":"app listening on port 4000"}
{"timestamp":"2024-12-31 17:42:06","level":"INFO","message":"app listening on port 4000"}
{"timestamp":"2024-12-31 17:42:15","level":"INFO","message":"app listening on port 4000"}
{"timestamp":"2024-12-31 17:42:31","level":"INFO","message":"app listening on port 4000"}
{"timestamp":"2024-12-31 17:44:07","level":"INFO","message":"app listening on port 4000"}
{"timestamp":"2024-12-31 17:52:59","level":"INFO","message":"app listening on port 4000"}
{"timestamp":"2025-01-01 09:07:04","level":"INFO","message":"app listening on port 4000"}
{"timestamp":"2025-01-01 09:21:07","level":"INFO","message":"app listening on port 4000"}
{"timestamp":"2025-01-02 13:20:30","level":"INFO","message":"app listening on port 4000"}
{"timestamp":"2025-01-02 13:25:40","level":"INFO","message":"app listening on port 4000"}
{"timestamp":"2025-01-02 13:49:31","level":"INFO","message":"app listening on port 4000"}
{"timestamp":"2025-01-02 14:08:01","level":"INFO","message":"app listening on port 4000"}
{"timestamp":"2025-01-02 14:08:04","level":"INFO","message":"app listening on port 4000"}
{"timestamp":"2025-01-02 14:11:09","level":"INFO","message":"app listening on port 4000"}
{"timestamp":"2025-01-02 14:11:47","level":"INFO","message":"app listening on port 4000"}
{"timestamp":"2025-01-02 14:12:46","level":"INFO","message":"app listening on port 4000"}
{"timestamp":"2025-01-02 14:12:57","level":"INFO","message":"app listening on port 4000"}
{"timestamp":"2025-01-02 14:14:27","level":"INFO","message":"app listening on port 4000"}
{"timestamp":"2025-01-02 14:14:32","level":"INFO","message":"app listening on port 4000"}
{"timestamp":"2025-01-02 14:14:49","level":"INFO","message":"app listening on port 4000"}
{"timestamp":"2025-01-02 14:18:45","level":"INFO","message":"app listening on port 4000"}
{"timestamp":"2025-01-02 14:19:41","level":"INFO","message":"app listening on port 4000"}
{"timestamp":"2025-01-02 14:19:47","level":"INFO","message":"app listening on port 4000"}
{"timestamp":"2025-01-02 14:38:40","level":"INFO","message":"app listening on port 4000"}
{"timestamp":"2025-01-02 14:46:20","level":"INFO","message":"app listening on port 4000"}
{"timestamp":"2025-01-02 14:46:50","level":"INFO","message":"app listening on port 4000"}
{"timestamp":"2025-01-02 14:47:02","level":"INFO","message":"app listening on port 4000"}
{"timestamp":"2025-01-02 14:59:44","level":"INFO","message":"app listening on port 4000"}
{"timestamp":"2025-01-02 15:00:39","level":"INFO","message":"app listening on port 4000"}
{"timestamp":"2025-01-02 15:01:14","level":"INFO","message":"app listening on port 4000"}
{"timestamp":"2025-01-02 15:01:45","level":"INFO","message":"app listening on port 4000"}
{"timestamp":"2025-01-02 15:04:41","level":"INFO","message":"app listening on port 4000"}
{"timestamp":"2025-01-02 15:06:09","level":"INFO","message":"app listening on port 4000"}
{"timestamp":"2025-01-02 15:11:37","level":"INFO","message":"app listening on port 4000"}
{"timestamp":"2025-01-02 15:11:44","level":"INFO","message":"app listening on port 4000"}
{"timestamp":"2025-01-02 15:12:18","level":"INFO","message":"app listening on port 4000"}
{"timestamp":"2025-01-02 15:12:41","level":"INFO","message":"app listening on port 4000"}
{"timestamp":"2025-01-02 15:12:58","level":"INFO","message":"app listening on port 4000"}
{"timestamp":"2025-01-02 15:13:10","level":"INFO","message":"app listening on port 4000"}
{"timestamp":"2025-01-02 15:13:41","level":"INFO","message":"app listening on port 4000"}
{"timestamp":"2025-01-02 15:13:49","level":"INFO","message":"app listening on port 4000"}
{"timestamp":"2025-01-02 15:18:13","level":"INFO","message":"app listening on port 4000"}
{"timestamp":"2025-01-02 15:18:24","level":"INFO","message":"app listening on port 4000"}
{"timestamp":"2025-01-02 15:20:51","level":"INFO","message":"app listening on port 4000"}
{"timestamp":"2025-01-02 15:21:16","level":"INFO","message":"app listening on port 4000"}
{"timestamp":"2025-01-02 15:21:57","level":"INFO","message":"app listening on port 4000"}
{"timestamp":"2025-01-02 15:41:20","level":"INFO","message":"app listening on port 4000"}
{"timestamp":"2025-01-02 15:44:56","level":"INFO","message":"app listening on port 4000"}
{"timestamp":"2025-01-02 15:54:08","level":"INFO","message":"app listening on port 4000"}
{"timestamp":"2025-01-02 15:55:19","level":"INFO","message":"app listening on port 4000"}
{"timestamp":"2025-01-03 09:42:03","level":"INFO","message":"app listening on port 4000"}
{"timestamp":"2025-01-03 10:06:01","level":"INFO","message":"app listening on port 4000"}
{"timestamp":"2025-01-03 10:09:38","level":"INFO","message":"app listening on port 4000"}
{"timestamp":"2025-01-03 10:25:20","level":"INFO","message":"app listening on port 4000"}
{"timestamp":"2025-01-06 08:54:29","level":"INFO","message":"app listening on port 4000"}
{"timestamp":"2025-01-06 09:54:07","level":"INFO","message":"app listening on port 4000"}
{"timestamp":"2025-01-06 10:18:36","level":"INFO","message":"Login successful","meta":{"statusCode":200,"request":{"ip":"::1","method":"POST","url":"/api/user/login"},"message":"Login successful","data":null}}
{"timestamp":"2025-01-06 10:51:10","level":"INFO","message":"Login successful","meta":{"statusCode":200,"request":{"ip":"::1","method":"POST","url":"/api/user/login"},"message":"Login successful","data":null}}
{"timestamp":"2025-01-06 11:06:42","level":"INFO","message":"app listening on port 4000"}
{"timestamp":"2025-01-06 11:13:13","level":"INFO","message":"app listening on port 4000"}
{"timestamp":"2025-01-06 11:13:30","level":"INFO","message":"app listening on port 4000"}
{"timestamp":"2025-01-06 11:14:35","level":"INFO","message":"app listening on port 4000"}
{"timestamp":"2025-01-06 11:15:32","level":"INFO","message":"app listening on port 4000"}
{"timestamp":"2025-01-06 11:16:27","level":"INFO","message":"app listening on port 4000"}
{"timestamp":"2025-01-06 11:16:48","level":"INFO","message":"app listening on port 4000"}
{"timestamp":"2025-01-06 11:16:59","level":"INFO","message":"app listening on port 4000"}
{"timestamp":"2025-01-06 11:21:58","level":"INFO","message":"app listening on port 4000"}
{"timestamp":"2025-01-06 11:27:17","level":"INFO","message":"User created successfully","meta":{"statusCode":201,"request":{"ip":"::1","method":"POST","url":"/api/user/register"},"message":"User created successfully","data":{"user":{"userId":"677b70bd79d2f204e8f2166f","email":"abc1@gmail.com","createdAt":"2025-01-06T05:57:17.969Z"}}}}
{"timestamp":"2025-01-06 11:37:22","level":"INFO","message":"User created successfully","meta":{"statusCode":201,"request":{"ip":"::1","method":"POST","url":"/api/user/register"},"message":"User created successfully","data":{"user":{"userId":"677b731a79d2f204e8f21672","email":"abc2@gmail.com","createdAt":"2025-01-06T06:07:22.080Z"}}}}
{"timestamp":"2025-01-06 11:39:03","level":"INFO","message":"Login successful","meta":{"statusCode":200,"request":{"ip":"::1","method":"POST","url":"/api/user/login"},"message":"Login successful","data":null}}
{"timestamp":"2025-01-06 14:31:56","level":"INFO","message":"Login successful","meta":{"statusCode":200,"request":{"ip":"::1","method":"POST","url":"/api/user/login"},"message":"Login successful","data":null}}
{"timestamp":"2025-01-06 14:32:25","level":"INFO","message":"Login successful","meta":{"statusCode":200,"request":{"ip":"::1","method":"POST","url":"/api/user/login"},"message":"Login successful","data":null}}
{"timestamp":"2025-01-06 14:34:55","level":"INFO","message":"Login successful","meta":{"statusCode":200,"request":{"ip":"::1","method":"POST","url":"/api/user/login"},"message":"Login successful","data":null}}
{"timestamp":"2025-01-06 14:45:16","level":"INFO","message":"Login successful","meta":{"statusCode":200,"request":{"ip":"::1","method":"POST","url":"/api/user/login"},"message":"Login successful","data":null}}
{"timestamp":"2025-01-06 14:48:17","level":"INFO","message":"Login successful","meta":{"statusCode":200,"request":{"ip":"::1","method":"POST","url":"/api/user/login"},"message":"Login successful","data":null}}
{"timestamp":"2025-01-06 14:51:21","level":"INFO","message":"Login successful","meta":{"statusCode":200,"request":{"ip":"::1","method":"POST","url":"/api/user/login"},"message":"Login successful","data":null}}
{"timestamp":"2025-01-06 15:10:51","level":"INFO","message":"Login successful","meta":{"statusCode":200,"request":{"ip":"::1","method":"POST","url":"/api/user/login"},"message":"Login successful","data":null}}
{"timestamp":"2025-01-07 13:54:54","level":"INFO","message":"app listening on port 4000"}
{"timestamp":"2025-01-07 14:06:02","level":"INFO","message":"Login successful","meta":{"statusCode":200,"request":{"ip":"::1","method":"POST","url":"/api/user/login"},"message":"Login successful","data":null}}
{"timestamp":"2025-01-07 14:10:10","level":"INFO","message":"User created successfully","meta":{"statusCode":201,"request":{"ip":"::1","method":"POST","url":"/api/user/register"},"message":"User created successfully","data":{"user":{"userId":"677ce86a148043940946ab06","email":"dharmik@gmail.com","createdAt":"2025-01-07T08:40:10.113Z"}}}}
{"timestamp":"2025-01-07 14:12:17","level":"INFO","message":"Login successful","meta":{"statusCode":200,"request":{"ip":"::1","method":"POST","url":"/api/user/login"},"message":"Login successful","data":null}}
{"timestamp":"2025-01-07 14:25:21","level":"INFO","message":"app listening on port 4000"}
{"timestamp":"2025-01-07 14:25:35","level":"INFO","message":"app listening on port 4000"}
{"timestamp":"2025-01-07 14:28:25","level":"INFO","message":"Login successful","meta":{"statusCode":200,"request":{"ip":"::1","method":"POST","url":"/api/user/login"},"message":"Login successful","data":null}}
{"timestamp":"2025-01-07 14:33:41","level":"INFO","message":"Login successful","meta":{"statusCode":200,"request":{"ip":"::1","method":"POST","url":"/api/user/login"},"message":"Login successful","data":null}}
{"timestamp":"2025-01-07 14:38:49","level":"INFO","message":"Login successful","meta":{"statusCode":200,"request":{"ip":"::1","method":"POST","url":"/api/user/login"},"message":"Login successful","data":null}}
{"timestamp":"2025-01-07 14:40:43","level":"INFO","message":"Login successful","meta":{"statusCode":200,"request":{"ip":"::1","method":"POST","url":"/api/user/login"},"message":"Login successful","data":null}}
{"timestamp":"2025-01-07 15:28:34","level":"INFO","message":"Login successful","meta":{"statusCode":200,"request":{"ip":"::1","method":"POST","url":"/api/user/login"},"message":"Login successful","data":null}}
{"timestamp":"2025-01-07 15:32:16","level":"INFO","message":"Login successful","meta":{"statusCode":200,"request":{"ip":"::1","method":"POST","url":"/api/user/login"},"message":"Login successful","data":null}}
{"timestamp":"2025-01-07 15:48:17","level":"INFO","message":"Login successful","meta":{"statusCode":200,"request":{"ip":"::1","method":"POST","url":"/api/user/login"},"message":"Login successful","data":null}}
{"timestamp":"2025-01-07 15:48:54","level":"INFO","message":"Login successful","meta":{"statusCode":200,"request":{"ip":"::1","method":"POST","url":"/api/user/login"},"message":"Login successful","data":null}}
{"timestamp":"2025-01-07 15:50:30","level":"INFO","message":"Login successful","meta":{"statusCode":200,"request":{"ip":"::1","method":"POST","url":"/api/user/login"},"message":"Login successful","data":null}}
{"timestamp":"2025-01-07 16:00:05","level":"INFO","message":"Login successful","meta":{"statusCode":200,"request":{"ip":"::1","method":"POST","url":"/api/user/login"},"message":"Login successful","data":null}}
{"timestamp":"2025-01-07 16:05:32","level":"INFO","message":"Login successful","meta":{"statusCode":200,"request":{"ip":"::1","method":"POST","url":"/api/user/login"},"message":"Login successful","data":null}}
{"timestamp":"2025-01-07 16:20:25","level":"INFO","message":"Login successful","meta":{"statusCode":200,"request":{"ip":"::1","method":"POST","url":"/api/user/login"},"message":"Login successful","data":null}}
{"timestamp":"2025-01-07 16:34:03","level":"INFO","message":"Login successful","meta":{"statusCode":200,"request":{"ip":"::1","method":"POST","url":"/api/user/login"},"message":"Login successful","data":null}}
{"timestamp":"2025-01-07 16:35:15","level":"INFO","message":"Login successful","meta":{"statusCode":200,"request":{"ip":"::1","method":"POST","url":"/api/user/login"},"message":"Login successful","data":null}}
{"timestamp":"2025-01-07 16:37:10","level":"INFO","message":"Login successful","meta":{"statusCode":200,"request":{"ip":"::1","method":"POST","url":"/api/user/login"},"message":"Login successful","data":null}}
{"timestamp":"2025-01-07 16:38:32","level":"INFO","message":"Login successful","meta":{"statusCode":200,"request":{"ip":"::1","method":"POST","url":"/api/user/login"},"message":"Login successful","data":null}}
{"timestamp":"2025-01-07 16:45:50","level":"INFO","message":"Login successful","meta":{"statusCode":200,"request":{"ip":"::1","method":"POST","url":"/api/user/login"},"message":"Login successful","data":null}}
{"timestamp":"2025-01-07 16:46:47","level":"INFO","message":"Login successful","meta":{"statusCode":200,"request":{"ip":"::1","method":"POST","url":"/api/user/login"},"message":"Login successful","data":null}}
{"timestamp":"2025-01-07 16:59:15","level":"INFO","message":"Login successful","meta":{"statusCode":200,"request":{"ip":"::1","method":"POST","url":"/api/user/login"},"message":"Login successful","data":null}}
{"timestamp":"2025-01-07 17:09:52","level":"INFO","message":"Login successful","meta":{"statusCode":200,"request":{"ip":"::1","method":"POST","url":"/api/user/login"},"message":"Login successful","data":null}}
{"timestamp":"2025-01-07 17:14:57","level":"INFO","message":"Login successful","meta":{"statusCode":200,"request":{"ip":"::1","method":"POST","url":"/api/user/login"},"message":"Login successful","data":null}}
{"timestamp":"2025-01-07 17:16:26","level":"INFO","message":"Login successful","meta":{"statusCode":200,"request":{"ip":"::1","method":"POST","url":"/api/user/login"},"message":"Login successful","data":null}}
{"timestamp":"2025-01-07 17:20:03","level":"INFO","message":"Login successful","meta":{"statusCode":200,"request":{"ip":"::1","method":"POST","url":"/api/user/login"},"message":"Login successful","data":null}}
{"timestamp":"2025-01-07 17:25:13","level":"INFO","message":"Login successful","meta":{"statusCode":200,"request":{"ip":"::1","method":"POST","url":"/api/user/login"},"message":"Login successful","data":null}}
{"timestamp":"2025-01-07 17:27:02","level":"INFO","message":"Login successful","meta":{"statusCode":200,"request":{"ip":"::1","method":"POST","url":"/api/user/login"},"message":"Login successful","data":null}}
{"timestamp":"2025-01-07 17:30:09","level":"INFO","message":"Login successful","meta":{"statusCode":200,"request":{"ip":"::1","method":"POST","url":"/api/user/login"},"message":"Login successful","data":null}}
{"timestamp":"2025-01-08 09:03:01","level":"INFO","message":"app listening on port 4000"}
{"timestamp":"2025-01-08 09:15:36","level":"INFO","message":"Login successful","meta":{"statusCode":200,"request":{"ip":"::1","method":"POST","url":"/api/user/login"},"message":"Login successful","data":null}}
{"timestamp":"2025-01-08 09:23:19","level":"INFO","message":"app listening on port 4000"}
{"timestamp":"2025-01-08 09:23:49","level":"INFO","message":"app listening on port 4000"}
{"timestamp":"2025-01-08 09:24:12","level":"INFO","message":"app listening on port 4000"}
{"timestamp":"2025-01-08 09:25:11","level":"INFO","message":"Login successful","meta":{"statusCode":200,"request":{"ip":"::1","method":"POST","url":"/api/user/login"},"message":"Login successful","data":null}}
{"timestamp":"2025-01-08 09:41:13","level":"INFO","message":"app listening on port 4000"}
{"timestamp":"2025-01-08 09:41:17","level":"INFO","message":"app listening on port 4000"}
{"timestamp":"2025-01-08 09:41:22","level":"INFO","message":"app listening on port 4000"}
{"timestamp":"2025-01-08 09:43:33","level":"INFO","message":"app listening on port 4000"}
{"timestamp":"2025-01-08 09:43:53","level":"INFO","message":"Login successful","meta":{"statusCode":200,"request":{"ip":"::1","method":"POST","url":"/api/user/login"},"message":"Login successful","data":null}}
{"timestamp":"2025-01-08 09:44:36","level":"INFO","message":"app listening on port 4000"}
{"timestamp":"2025-01-08 09:44:54","level":"INFO","message":"Login successful","meta":{"statusCode":200,"request":{"ip":"::1","method":"POST","url":"/api/user/login"},"message":"Login successful","data":null}}
{"timestamp":"2025-01-08 09:45:44","level":"INFO","message":"app listening on port 4000"}
{"timestamp":"2025-01-08 09:46:00","level":"INFO","message":"app listening on port 4000"}
{"timestamp":"2025-01-08 09:46:47","level":"INFO","message":"app listening on port 4000"}
{"timestamp":"2025-01-08 09:47:40","level":"INFO","message":"app listening on port 4000"}
{"timestamp":"2025-01-08 09:48:43","level":"INFO","message":"app listening on port 4000"}
{"timestamp":"2025-01-08 09:49:19","level":"INFO","message":"app listening on port 4000"}
{"timestamp":"2025-01-08 09:49:52","level":"INFO","message":"Login successful","meta":{"statusCode":200,"request":{"ip":"::1","method":"POST","url":"/api/user/login"},"message":"Login successful","data":null}}
{"timestamp":"2025-01-08 10:00:54","level":"INFO","message":"app listening on port 4000"}
{"timestamp":"2025-01-08 10:01:14","level":"INFO","message":"app listening on port 4000"}
{"timestamp":"2025-01-08 10:01:46","level":"INFO","message":"Login successful","meta":{"statusCode":200,"request":{"ip":"::1","method":"POST","url":"/api/user/login"},"message":"Login successful","data":null}}
{"timestamp":"2025-01-08 10:05:01","level":"INFO","message":"app listening on port 4000"}
{"timestamp":"2025-01-08 10:06:52","level":"INFO","message":"Login successful","meta":{"statusCode":200,"request":{"ip":"::1","method":"POST","url":"/api/user/login"},"message":"Login successful","data":null}}
{"timestamp":"2025-01-08 10:07:38","level":"INFO","message":"Login successful","meta":{"statusCode":200,"request":{"ip":"::1","method":"POST","url":"/api/user/login"},"message":"Login successful","data":null}}
{"timestamp":"2025-01-08 10:14:39","level":"INFO","message":"Login successful","meta":{"statusCode":200,"request":{"ip":"::1","method":"POST","url":"/api/user/login"},"message":"Login successful","data":null}}
{"timestamp":"2025-01-08 10:15:50","level":"INFO","message":"Login successful","meta":{"statusCode":200,"request":{"ip":"::1","method":"POST","url":"/api/user/login"},"message":"Login successful","data":null}}
{"timestamp":"2025-01-08 10:17:06","level":"INFO","message":"app listening on port 4000"}
{"timestamp":"2025-01-08 10:18:06","level":"INFO","message":"app listening on port 4000"}
{"timestamp":"2025-01-08 10:22:42","level":"INFO","message":"app listening on port 4000"}
{"timestamp":"2025-01-08 10:23:51","level":"INFO","message":"app listening on port 4000"}
{"timestamp":"2025-01-08 10:24:40","level":"INFO","message":"app listening on port 4000"}
{"timestamp":"2025-01-08 10:25:14","level":"INFO","message":"app listening on port 4000"}
{"timestamp":"2025-01-08 10:25:31","level":"INFO","message":"app listening on port 4000"}
{"timestamp":"2025-01-08 10:25:48","level":"INFO","message":"app listening on port 4000"}
{"timestamp":"2025-01-08 10:26:05","level":"INFO","message":"app listening on port 4000"}
{"timestamp":"2025-01-08 10:27:47","level":"INFO","message":"app listening on port 4000"}
{"timestamp":"2025-01-08 10:28:01","level":"INFO","message":"Login successful","meta":{"statusCode":200,"request":{"ip":"::ffff:127.0.0.1","method":"POST","url":"/api/user/login"},"message":"Login successful","data":null}}
{"timestamp":"2025-01-08 10:28:53","level":"INFO","message":"app listening on port 4000"}
{"timestamp":"2025-01-08 10:29:07","level":"INFO","message":"Login successful","meta":{"statusCode":200,"request":{"ip":"::ffff:127.0.0.1","method":"POST","url":"/api/user/login"},"message":"Login successful","data":null}}
{"timestamp":"2025-01-08 10:29:23","level":"INFO","message":"app listening on port 4000"}
{"timestamp":"2025-01-08 10:36:05","level":"INFO","message":"app listening on port 4000"}
{"timestamp":"2025-01-08 10:38:48","level":"INFO","message":"app listening on port 4000"}
{"timestamp":"2025-01-08 10:51:53","level":"INFO","message":"app listening on port 4000"}
{"timestamp":"2025-01-08 10:52:06","level":"INFO","message":"app listening on port 4000"}
{"timestamp":"2025-01-08 10:52:24","level":"INFO","message":"Login successful","meta":{"statusCode":200,"request":{"ip":"::1","method":"POST","url":"/api/user/login"},"message":"Login successful","data":null}}
{"timestamp":"2025-01-08 10:52:58","level":"INFO","message":"app listening on port 4000"}
{"timestamp":"2025-01-08 10:53:03","level":"INFO","message":"app listening on port 4000"}
{"timestamp":"2025-01-08 10:55:18","level":"INFO","message":"app listening on port 4000"}
{"timestamp":"2025-01-08 10:55:30","level":"INFO","message":"app listening on port 4000"}
{"timestamp":"2025-01-08 10:55:52","level":"INFO","message":"app listening on port 4000"}
{"timestamp":"2025-01-08 10:56:00","level":"INFO","message":"app listening on port 4000"}
{"timestamp":"2025-01-08 10:58:01","level":"INFO","message":"app listening on port 4000"}
{"timestamp":"2025-01-08 10:58:24","level":"INFO","message":"Login successful","meta":{"statusCode":200,"request":{"ip":"::1","method":"POST","url":"/api/user/login"},"message":"Login successful","data":null}}
{"timestamp":"2025-01-08 10:58:31","level":"INFO","message":"app listening on port 4000"}
{"timestamp":"2025-01-08 10:59:43","level":"INFO","message":"app listening on port 4000"}
{"timestamp":"2025-01-08 11:00:57","level":"INFO","message":"app listening on port 4000"}
{"timestamp":"2025-01-08 11:01:55","level":"INFO","message":"app listening on port 4000"}
{"timestamp":"2025-01-08 11:03:10","level":"INFO","message":"app listening on port 4000"}
{"timestamp":"2025-01-08 11:04:19","level":"INFO","message":"app listening on port 4000"}
{"timestamp":"2025-01-08 11:04:32","level":"INFO","message":"app listening on port 4000"}
{"timestamp":"2025-01-08 11:05:02","level":"INFO","message":"Login successful","meta":{"statusCode":200,"request":{"ip":"::1","method":"POST","url":"/api/user/login"},"message":"Login successful","data":null}}
{"timestamp":"2025-01-08 11:05:33","level":"INFO","message":"app listening on port 4000"}
{"timestamp":"2025-01-08 11:05:53","level":"INFO","message":"app listening on port 4000"}
{"timestamp":"2025-01-08 11:06:01","level":"INFO","message":"app listening on port 4000"}
{"timestamp":"2025-01-08 11:11:23","level":"INFO","message":"app listening on port 4000"}
{"timestamp":"2025-01-08 11:12:35","level":"INFO","message":"app listening on port 4000"}
{"timestamp":"2025-01-08 11:12:47","level":"INFO","message":"app listening on port 4000"}
{"timestamp":"2025-01-08 11:18:33","level":"INFO","message":"app listening on port 4000"}
{"timestamp":"2025-01-08 11:18:38","level":"INFO","message":"app listening on port 4000"}
{"timestamp":"2025-01-08 11:19:19","level":"INFO","message":"app listening on port 4000"}
{"timestamp":"2025-01-08 11:19:40","level":"INFO","message":"Login successful","meta":{"statusCode":200,"request":{"ip":"::1","method":"POST","url":"/api/user/login"},"message":"Login successful","data":null}}
{"timestamp":"2025-01-08 11:20:34","level":"INFO","message":"app listening on port 4000"}
{"timestamp":"2025-01-08 11:23:15","level":"INFO","message":"app listening on port 4000"}
{"timestamp":"2025-01-08 11:23:42","level":"INFO","message":"app listening on port 4000"}
{"timestamp":"2025-01-08 11:33:34","level":"INFO","message":"App listening on port 4000"}
{"timestamp":"2025-01-08 11:34:01","level":"INFO","message":"app listening on port 4000"}
{"timestamp":"2025-01-08 11:37:37","level":"INFO","message":"app listening on port 4000"}
{"timestamp":"2025-01-08 11:38:27","level":"INFO","message":"app listening on port 4000"}
{"timestamp":"2025-01-08 11:41:37","level":"INFO","message":"app listening on port 4000"}
{"timestamp":"2025-01-08 11:43:00","level":"INFO","message":"app listening on port 4000"}
{"timestamp":"2025-01-08 11:43:35","level":"INFO","message":"app listening on port 4000"}
{"timestamp":"2025-01-08 11:48:43","level":"INFO","message":"app listening on port 4000"}
{"timestamp":"2025-01-08 11:49:15","level":"INFO","message":"app listening on port 4000"}
{"timestamp":"2025-01-08 11:50:01","level":"INFO","message":"app listening on port 4000"}
{"timestamp":"2025-01-08 11:50:58","level":"INFO","message":"app listening on port 4000"}
{"timestamp":"2025-01-08 11:51:06","level":"INFO","message":"app listening on port 4000"}
{"timestamp":"2025-01-08 11:51:27","level":"INFO","message":"app listening on port 4000"}
{"timestamp":"2025-01-08 11:51:47","level":"INFO","message":"app listening on port 4000"}
{"timestamp":"2025-01-08 11:52:39","level":"INFO","message":"app listening on port 4000"}
{"timestamp":"2025-01-08 11:54:49","level":"INFO","message":"app listening on port 4000"}
{"timestamp":"2025-01-08 12:02:12","level":"INFO","message":"app listening on port 4000"}
{"timestamp":"2025-01-08 13:19:01","level":"INFO","message":"Login successful","meta":{"statusCode":200,"request":{"ip":"::1","method":"POST","url":"/api/user/login"},"message":"Login successful","data":null}}
{"timestamp":"2025-01-08 13:20:07","level":"INFO","message":"app listening on port 4000"}
{"timestamp":"2025-01-08 13:20:09","level":"INFO","message":"app listening on port 4000"}
{"timestamp":"2025-01-08 13:21:24","level":"INFO","message":"Login successful","meta":{"statusCode":200,"request":{"ip":"::1","method":"POST","url":"/api/user/login"},"message":"Login successful","data":null}}
{"timestamp":"2025-01-08 13:22:01","level":"INFO","message":"app listening on port 4000"}
{"timestamp":"2025-01-08 13:22:13","level":"INFO","message":"app listening on port 4000"}
{"timestamp":"2025-01-08 13:23:06","level":"INFO","message":"app listening on port 4000"}
{"timestamp":"2025-01-08 13:23:13","level":"INFO","message":"app listening on port 4000"}
{"timestamp":"2025-01-08 13:42:11","level":"INFO","message":"App listening on port 4000"}
{"timestamp":"2025-01-08 13:42:11","level":"INFO","message":"User connected: vxORcmosCCzxORjqAAAC"}
{"timestamp":"2025-01-08 13:42:11","level":"INFO","message":"User connected: QkvtkrO-OWDGye-wAAAD"}
{"timestamp":"2025-01-08 13:42:16","level":"INFO","message":"User connected: n_dgfMrf1sruXfzdAAAF"}
{"timestamp":"2025-01-08 13:42:59","level":"INFO","message":"app listening on port 4000"}
{"timestamp":"2025-01-08 13:45:55","level":"INFO","message":"app listening on port 4000"}
{"timestamp":"2025-01-08 13:46:38","level":"INFO","message":"app listening on port 4000"}
{"timestamp":"2025-01-08 13:49:26","level":"INFO","message":"app listening on port 4000"}
{"timestamp":"2025-01-08 13:51:10","level":"INFO","message":"app listening on port 4000"}
{"timestamp":"2025-01-08 14:08:55","level":"INFO","message":"Login successful","meta":{"statusCode":200,"request":{"ip":"::1","method":"POST","url":"/api/user/login"},"message":"Login successful","data":null}}
{"timestamp":"2025-01-08 14:30:55","level":"INFO","message":"Login successful","meta":{"statusCode":200,"request":{"ip":"::1","method":"POST","url":"/api/user/login"},"message":"Login successful","data":null}}
{"timestamp":"2025-01-08 14:35:42","level":"INFO","message":"Login successful","meta":{"statusCode":200,"request":{"ip":"::1","method":"POST","url":"/api/user/login"},"message":"Login successful","data":null}}
{"timestamp":"2025-01-08 14:38:15","level":"INFO","message":"Login successful","meta":{"statusCode":200,"request":{"ip":"::1","method":"POST","url":"/api/user/login"},"message":"Login successful","data":null}}
{"timestamp":"2025-01-08 14:39:59","level":"INFO","message":"Login successful","meta":{"statusCode":200,"request":{"ip":"::1","method":"POST","url":"/api/user/login"},"message":"Login successful","data":null}}
{"timestamp":"2025-02-07 15:21:13","level":"INFO","message":"app listening on port 4000"}
{"timestamp":"2025-02-07 15:26:07","level":"INFO","message":"app listening on port 4000"}
{"timestamp":"2025-02-07 15:28:57","level":"INFO","message":"Login successful","meta":{"statusCode":200,"request":{"ip":"::1","method":"POST","url":"/api/user/login"},"message":"Login successful","data":null}}
{"timestamp":"2025-02-07 15:57:22","level":"INFO","message":"app listening on port 4000"}
{"timestamp":"2025-02-07 15:57:41","level":"INFO","message":"app listening on port 4000"}
{"timestamp":"2025-02-07 15:58:13","level":"INFO","message":"Login successful","meta":{"statusCode":200,"request":{"ip":"::1","method":"POST","url":"/api/user/login"},"message":"Login successful","data":null}}
{"timestamp":"2025-02-07 16:06:50","level":"INFO","message":"User created successfully","meta":{"statusCode":201,"request":{"ip":"::1","method":"POST","url":"/api/user/register"},"message":"User created successfully","data":{"user":{"userId":"67a5e24245f99fb60428d8d4","email":"nidhipatel94001@gmail.com","createdAt":"2025-02-07T10:36:50.015Z"}}}}
{"timestamp":"2025-02-07 16:10:26","level":"INFO","message":"Login successful","meta":{"statusCode":200,"request":{"ip":"::1","method":"POST","url":"/api/user/login"},"message":"Login successful","data":null}}
{"timestamp":"2025-02-07 16:40:08","level":"INFO","message":"app listening on port 4000"}
{"timestamp":"2025-02-07 16:47:02","level":"INFO","message":"app listening on port 4000"}
{"timestamp":"2025-02-07 16:47:51","level":"INFO","message":"app listening on port 4000"}
{"timestamp":"2025-02-07 16:50:01","level":"INFO","message":"app listening on port 4000"}
{"timestamp":"2025-02-07 16:50:27","level":"INFO","message":"app listening on port 4000"}
{"timestamp":"2025-02-07 16:52:46","level":"INFO","message":"app listening on port 4000"}
{"timestamp":"2025-02-07 16:53:54","level":"INFO","message":"app listening on port 4000"}
{"timestamp":"2025-02-07 16:57:13","level":"INFO","message":"app listening on port 4000"}
{"timestamp":"2025-02-07 16:57:43","level":"INFO","message":"app listening on port 4000"}
{"timestamp":"2025-02-07 17:00:35","level":"INFO","message":"app listening on port 4000"}
{"timestamp":"2025-02-10 09:12:55","level":"INFO","message":"app listening on port 4000"}
{"timestamp":"2025-02-10 09:15:24","level":"INFO","message":"app listening on port 4000"}
{"timestamp":"2025-02-10 09:15:47","level":"INFO","message":"app listening on port 4000"}
{"timestamp":"2025-02-10 09:16:33","level":"INFO","message":"app listening on port 4000"}
{"timestamp":"2025-02-10 09:16:56","level":"INFO","message":"app listening on port 4000"}
{"timestamp":"2025-02-10 09:17:33","level":"INFO","message":"app listening on port 4000"}
{"timestamp":"2025-02-10 09:23:49","level":"INFO","message":"app listening on port 4000"}
{"timestamp":"2025-02-10 09:25:16","level":"INFO","message":"app listening on port 4000"}
{"timestamp":"2025-02-10 09:26:15","level":"INFO","message":"app listening on port 4000"}
{"timestamp":"2025-02-10 09:28:14","level":"INFO","message":"app listening on port 4000"}
{"timestamp":"2025-02-10 10:39:07","level":"INFO","message":"Login successful","meta":{"statusCode":200,"request":{"ip":"::1","method":"POST","url":"/api/user/login"},"message":"Login successful","data":null}}
{"timestamp":"2025-02-10 13:16:10","level":"INFO","message":"app listening on port 4000"}
{"timestamp":"2025-02-10 13:16:21","level":"INFO","message":"app listening on port 4000"}
{"timestamp":"2025-02-10 13:17:04","level":"INFO","message":"app listening on port 4000"}
{"timestamp":"2025-02-10 13:18:47","level":"INFO","message":"app listening on port 4000"}
{"timestamp":"2025-02-10 13:18:56","level":"INFO","message":"app listening on port 4000"}
{"timestamp":"2025-02-10 13:19:46","level":"INFO","message":"app listening on port 4000"}
{"timestamp":"2025-02-10 13:23:09","level":"INFO","message":"app listening on port 4000"}
{"timestamp":"2025-02-10 13:23:24","level":"INFO","message":"app listening on port 4000"}
{"timestamp":"2025-02-10 13:23:39","level":"INFO","message":"app listening on port 4000"}
{"timestamp":"2025-02-10 13:24:15","level":"INFO","message":"app listening on port 4000"}
{"timestamp":"2025-02-10 13:25:43","level":"INFO","message":"app listening on port 4000"}
{"timestamp":"2025-02-10 13:25:58","level":"INFO","message":"app listening on port 4000"}
{"timestamp":"2025-02-10 13:26:12","level":"INFO","message":"app listening on port 4000"}
{"timestamp":"2025-02-10 13:38:35","level":"INFO","message":"app listening on port 4000"}
{"timestamp":"2025-02-10 13:38:55","level":"INFO","message":"app listening on port 4000"}
{"timestamp":"2025-02-10 13:46:13","level":"INFO","message":"App running on port 4000"}
{"timestamp":"2025-02-10 13:46:19","level":"INFO","message":"App running on port 4000"}
{"timestamp":"2025-02-10 13:48:06","level":"INFO","message":"app listening on port 4000"}
{"timestamp":"2025-02-10 13:53:55","level":"INFO","message":"app listening on port 4000"}
{"timestamp":"2025-02-10 13:55:03","level":"INFO","message":"app listening on port 4000"}
{"timestamp":"2025-02-10 14:01:56","level":"INFO","message":"app listening on port 4000"}
{"timestamp":"2025-02-10 14:32:18","level":"INFO","message":"app listening on port 4000"}
{"timestamp":"2025-02-10 14:32:23","level":"INFO","message":"app listening on port 4000"}
{"timestamp":"2025-02-10 14:32:27","level":"INFO","message":"app listening on port 4000"}
{"timestamp":"2025-02-10 14:32:36","level":"INFO","message":"app listening on port 4000"}
{"timestamp":"2025-02-10 14:32:43","level":"INFO","message":"app listening on port 4000"}
{"timestamp":"2025-02-10 14:32:59","level":"INFO","message":"app listening on port 4000"}
{"timestamp":"2025-02-10 14:41:02","level":"INFO","message":"app listening on port 4000"}
{"timestamp":"2025-02-10 14:47:20","level":"INFO","message":"Login successful","meta":{"statusCode":200,"request":{"ip":"::1","method":"POST","url":"/api/user/login"},"message":"Login successful","data":null}}
{"timestamp":"2025-02-10 14:53:48","level":"INFO","message":"User created successfully","meta":{"statusCode":201,"request":{"ip":"::1","method":"POST","url":"/api/user/register"},"message":"User created successfully","data":{"user":{"userId":"67a9c5a4b45e7dc388a8d645","email":"darshana123@gmail.com","createdAt":"2025-02-10T09:23:48.447Z"}}}}
{"timestamp":"2025-02-10 14:54:07","level":"WARN","message":"Invalid password","meta":{"statusCode":401,"request":{"ip":"::1","method":"POST","url":"/api/user/login"},"message":"Invalid password","data":null}}
{"timestamp":"2025-02-10 14:54:09","level":"WARN","message":"Invalid password","meta":{"statusCode":401,"request":{"ip":"::1","method":"POST","url":"/api/user/login"},"message":"Invalid password","data":null}}
{"timestamp":"2025-02-10 14:54:19","level":"INFO","message":"Login successful","meta":{"statusCode":200,"request":{"ip":"::1","method":"POST","url":"/api/user/login"},"message":"Login successful","data":null}}
{"timestamp":"2025-02-10 14:57:37","level":"INFO","message":"Login successful","meta":{"statusCode":200,"request":{"ip":"::1","method":"POST","url":"/api/user/login"},"message":"Login successful","data":null}}
{"timestamp":"2025-02-10 15:36:04","level":"INFO","message":"app listening on port 4000"}
{"timestamp":"2025-02-10 15:36:11","level":"INFO","message":"Login successful","meta":{"statusCode":200,"request":{"ip":"::ffff:127.0.0.1","method":"POST","url":"/api/user/login"},"message":"Login successful","data":null}}
{"timestamp":"2025-02-10 15:46:28","level":"INFO","message":"app listening on port 4000"}
{"timestamp":"2025-02-10 15:48:22","level":"INFO","message":"Login successful","meta":{"statusCode":200,"request":{"ip":"::1","method":"POST","url":"/api/user/login"},"message":"Login successful","data":null}}
{"timestamp":"2025-02-10 15:49:52","level":"INFO","message":"app listening on port 4000"}
{"timestamp":"2025-02-10 15:50:03","level":"INFO","message":"app listening on port 4000"}
{"timestamp":"2025-02-10 16:14:32","level":"INFO","message":"Login successful","meta":{"statusCode":200,"request":{"ip":"::1","method":"POST","url":"/api/user/login"},"message":"Login successful","data":null}}
{"timestamp":"2025-02-10 16:21:06","level":"INFO","message":"app listening on port 4000"}
{"timestamp":"2025-02-10 16:22:59","level":"INFO","message":"app listening on port 4000"}
{"timestamp":"2025-02-10 16:23:54","level":"INFO","message":"app listening on port 4000"}
{"timestamp":"2025-02-10 16:25:16","level":"INFO","message":"app listening on port 4000"}
{"timestamp":"2025-02-10 16:26:53","level":"INFO","message":"app listening on port 4000"}
{"timestamp":"2025-02-10 16:27:42","level":"INFO","message":"app listening on port 4000"}
{"timestamp":"2025-02-10 16:28:34","level":"INFO","message":"app listening on port 4000"}
{"timestamp":"2025-02-11 08:59:17","level":"INFO","message":"app listening on port 4000"}
{"timestamp":"2025-02-12 17:36:30","level":"INFO","message":"app listening on port 4000"}
{"timestamp":"2025-02-12 17:46:54","level":"INFO","message":"Login successful","meta":{"statusCode":200,"request":{"ip":"::1","method":"POST","url":"/api/user/login"},"message":"Login successful","data":null}}
{"timestamp":"2025-02-13 09:19:23","level":"INFO","message":"app listening on port 4000"}
{"timestamp":"2025-02-18 13:53:11","level":"INFO","message":"app listening on port 4000"}
{"timestamp":"2025-02-18 13:54:21","level":"INFO","message":"Login successful","meta":{"statusCode":200,"request":{"ip":"::1","method":"POST","url":"/api/user/login"},"message":"Login successful","data":null}}
{"timestamp":"2025-02-18 14:36:37","level":"INFO","message":"Login successful","meta":{"statusCode":200,"request":{"ip":"::1","method":"POST","url":"/api/user/login"},"message":"Login successful","data":null}}
{"timestamp":"2025-02-18 14:47:55","level":"INFO","message":"Login successful","meta":{"statusCode":200,"request":{"ip":"::1","method":"POST","url":"/api/user/login"},"message":"Login successful","data":null}}
{"timestamp":"2025-02-18 14:54:31","level":"INFO","message":"Login successful","meta":{"statusCode":200,"request":{"ip":"::1","method":"POST","url":"/api/user/login"},"message":"Login successful","data":null}}
{"timestamp":"2025-02-18 14:55:23","level":"INFO","message":"Login successful","meta":{"statusCode":200,"request":{"ip":"::1","method":"POST","url":"/api/user/login"},"message":"Login successful","data":null}}
{"timestamp":"2025-02-18 14:55:42","level":"INFO","message":"Login successful","meta":{"statusCode":200,"request":{"ip":"::1","method":"POST","url":"/api/user/login"},"message":"Login successful","data":null}}
{"timestamp":"2025-02-18 14:56:56","level":"WARN","message":"Invalid password","meta":{"statusCode":401,"request":{"ip":"::1","method":"POST","url":"/api/user/login"},"message":"Invalid password","data":null}}
{"timestamp":"2025-02-18 14:56:58","level":"WARN","message":"Invalid password","meta":{"statusCode":401,"request":{"ip":"::1","method":"POST","url":"/api/user/login"},"message":"Invalid password","data":null}}
{"timestamp":"2025-02-18 14:57:00","level":"WARN","message":"Invalid password","meta":{"statusCode":401,"request":{"ip":"::1","method":"POST","url":"/api/user/login"},"message":"Invalid password","data":null}}
{"timestamp":"2025-02-18 14:57:07","level":"INFO","message":"Login successful","meta":{"statusCode":200,"request":{"ip":"::1","method":"POST","url":"/api/user/login"},"message":"Login successful","data":null}}
{"timestamp":"2025-02-18 15:00:25","level":"INFO","message":"Login successful","meta":{"statusCode":200,"request":{"ip":"::1","method":"POST","url":"/api/user/login"},"message":"Login successful","data":null}}
{"timestamp":"2025-02-18 15:02:47","level":"INFO","message":"Login successful","meta":{"statusCode":200,"request":{"ip":"::1","method":"POST","url":"/api/user/login"},"message":"Login successful","data":null}}
{"timestamp":"2025-02-18 15:23:19","level":"INFO","message":"Login successful","meta":{"statusCode":200,"request":{"ip":"::1","method":"POST","url":"/api/user/login"},"message":"Login successful","data":null}}
{"timestamp":"2025-02-18 15:24:08","level":"INFO","message":"Login successful","meta":{"statusCode":200,"request":{"ip":"::1","method":"POST","url":"/api/user/login"},"message":"Login successful","data":null}}
{"timestamp":"2025-02-18 15:24:56","level":"INFO","message":"Login successful","meta":{"statusCode":200,"request":{"ip":"::1","method":"POST","url":"/api/user/login"},"message":"Login successful","data":null}}
{"timestamp":"2025-02-18 15:31:46","level":"INFO","message":"Login successful","meta":{"statusCode":200,"request":{"ip":"::1","method":"POST","url":"/api/user/login"},"message":"Login successful","data":null}}
{"timestamp":"2025-02-18 15:32:31","level":"INFO","message":"Login successful","meta":{"statusCode":200,"request":{"ip":"::1","method":"POST","url":"/api/user/login"},"message":"Login successful","data":null}}
{"timestamp":"2025-02-18 15:33:03","level":"INFO","message":"Login successful","meta":{"statusCode":200,"request":{"ip":"::1","method":"POST","url":"/api/user/login"},"message":"Login successful","data":null}}
{"timestamp":"2025-02-18 15:33:41","level":"INFO","message":"Login successful","meta":{"statusCode":200,"request":{"ip":"::1","method":"POST","url":"/api/user/login"},"message":"Login successful","data":null}}
{"timestamp":"2025-02-18 15:34:03","level":"INFO","message":"Login successful","meta":{"statusCode":200,"request":{"ip":"::1","method":"POST","url":"/api/user/login"},"message":"Login successful","data":null}}
{"timestamp":"2025-02-18 15:35:35","level":"INFO","message":"Login successful","meta":{"statusCode":200,"request":{"ip":"::1","method":"POST","url":"/api/user/login"},"message":"Login successful","data":null}}
{"timestamp":"2025-02-18 15:36:48","level":"INFO","message":"Login successful","meta":{"statusCode":200,"request":{"ip":"::1","method":"POST","url":"/api/user/login"},"message":"Login successful","data":null}}
{"timestamp":"2025-02-18 15:41:25","level":"INFO","message":"Login successful","meta":{"statusCode":200,"request":{"ip":"::1","method":"POST","url":"/api/user/login"},"message":"Login successful","data":null}}
{"timestamp":"2025-02-18 15:41:34","level":"INFO","message":"Login successful","meta":{"statusCode":200,"request":{"ip":"::1","method":"POST","url":"/api/user/login"},"message":"Login successful","data":null}}
{"timestamp":"2025-02-18 15:43:28","level":"INFO","message":"Login successful","meta":{"statusCode":200,"request":{"ip":"::1","method":"POST","url":"/api/user/login"},"message":"Login successful","data":null}}
{"timestamp":"2025-02-18 15:49:48","level":"INFO","message":"Login successful","meta":{"statusCode":200,"request":{"ip":"::1","method":"POST","url":"/api/user/login"},"message":"Login successful","data":null}}
{"timestamp":"2025-02-18 15:50:27","level":"INFO","message":"Login successful","meta":{"statusCode":200,"request":{"ip":"::1","method":"POST","url":"/api/user/login"},"message":"Login successful","data":null}}
{"timestamp":"2025-02-18 15:52:35","level":"INFO","message":"Login successful","meta":{"statusCode":200,"request":{"ip":"::1","method":"POST","url":"/api/user/login"},"message":"Login successful","data":null}}
{"timestamp":"2025-02-18 15:54:08","level":"INFO","message":"Login successful","meta":{"statusCode":200,"request":{"ip":"::1","method":"POST","url":"/api/user/login"},"message":"Login successful","data":null}}
{"timestamp":"2025-02-18 15:54:15","level":"INFO","message":"Login successful","meta":{"statusCode":200,"request":{"ip":"::1","method":"POST","url":"/api/user/login"},"message":"Login successful","data":null}}
{"timestamp":"2025-02-18 15:54:29","level":"INFO","message":"Login successful","meta":{"statusCode":200,"request":{"ip":"::1","method":"POST","url":"/api/user/login"},"message":"Login successful","data":null}}
{"timestamp":"2025-02-18 16:06:35","level":"INFO","message":"Login successful","meta":{"statusCode":200,"request":{"ip":"::1","method":"POST","url":"/api/user/login"},"message":"Login successful","data":null}}
{"timestamp":"2025-02-18 16:16:29","level":"INFO","message":"Login successful","meta":{"statusCode":200,"request":{"ip":"::1","method":"POST","url":"/api/user/login"},"message":"Login successful","data":null}}
{"timestamp":"2025-02-18 16:16:48","level":"INFO","message":"Login successful","meta":{"statusCode":200,"request":{"ip":"::1","method":"POST","url":"/api/user/login"},"message":"Login successful","data":null}}
{"timestamp":"2025-02-18 16:21:07","level":"INFO","message":"Login successful","meta":{"statusCode":200,"request":{"ip":"::1","method":"POST","url":"/api/user/login"},"message":"Login successful","data":null}}
{"timestamp":"2025-02-18 16:21:16","level":"INFO","message":"Login successful","meta":{"statusCode":200,"request":{"ip":"::1","method":"POST","url":"/api/user/login"},"message":"Login successful","data":null}}
{"timestamp":"2025-02-18 16:22:51","level":"INFO","message":"Login successful","meta":{"statusCode":200,"request":{"ip":"::1","method":"POST","url":"/api/user/login"},"message":"Login successful","data":null}}
{"timestamp":"2025-02-18 16:23:23","level":"INFO","message":"Login successful","meta":{"statusCode":200,"request":{"ip":"::1","method":"POST","url":"/api/user/login"},"message":"Login successful","data":null}}
{"timestamp":"2025-02-18 16:29:08","level":"INFO","message":"Login successful","meta":{"statusCode":200,"request":{"ip":"::1","method":"POST","url":"/api/user/login"},"message":"Login successful","data":null}}
{"timestamp":"2025-02-18 16:30:23","level":"INFO","message":"Login successful","meta":{"statusCode":200,"request":{"ip":"::1","method":"POST","url":"/api/user/login"},"message":"Login successful","data":null}}
{"timestamp":"2025-02-18 16:35:16","level":"INFO","message":"Login successful","meta":{"statusCode":200,"request":{"ip":"::1","method":"POST","url":"/api/user/login"},"message":"Login successful","data":null}}
{"timestamp":"2025-02-18 16:37:08","level":"INFO","message":"Login successful","meta":{"statusCode":200,"request":{"ip":"::1","method":"POST","url":"/api/user/login"},"message":"Login successful","data":null}}
{"timestamp":"2025-02-18 16:40:26","level":"INFO","message":"Login successful","meta":{"statusCode":200,"request":{"ip":"::1","method":"POST","url":"/api/user/login"},"message":"Login successful","data":null}}
{"timestamp":"2025-02-18 16:45:21","level":"INFO","message":"Login successful","meta":{"statusCode":200,"request":{"ip":"::1","method":"POST","url":"/api/user/login"},"message":"Login successful","data":null}}
{"timestamp":"2025-02-18 16:51:08","level":"INFO","message":"Login successful","meta":{"statusCode":200,"request":{"ip":"::1","method":"POST","url":"/api/user/login"},"message":"Login successful","data":null}}
{"timestamp":"2025-02-18 16:57:05","level":"INFO","message":"Login successful","meta":{"statusCode":200,"request":{"ip":"::1","method":"POST","url":"/api/user/login"},"message":"Login successful","data":null}}
{"timestamp":"2025-02-18 17:02:39","level":"INFO","message":"Login successful","meta":{"statusCode":200,"request":{"ip":"::1","method":"POST","url":"/api/user/login"},"message":"Login successful","data":null}}
{"timestamp":"2025-02-18 17:13:33","level":"INFO","message":"Login successful","meta":{"statusCode":200,"request":{"ip":"::1","method":"POST","url":"/api/user/login"},"message":"Login successful","data":null}}
{"timestamp":"2025-02-18 17:18:13","level":"INFO","message":"Login successful","meta":{"statusCode":200,"request":{"ip":"::1","method":"POST","url":"/api/user/login"},"message":"Login successful","data":null}}
{"timestamp":"2025-02-18 17:18:36","level":"INFO","message":"Login successful","meta":{"statusCode":200,"request":{"ip":"::1","method":"POST","url":"/api/user/login"},"message":"Login successful","data":null}}
{"timestamp":"2025-02-18 17:19:41","level":"INFO","message":"Login successful","meta":{"statusCode":200,"request":{"ip":"::1","method":"POST","url":"/api/user/login"},"message":"Login successful","data":null}}
{"timestamp":"2025-02-18 17:21:14","level":"INFO","message":"Login successful","meta":{"statusCode":200,"request":{"ip":"::1","method":"POST","url":"/api/user/login"},"message":"Login successful","data":null}}
{"timestamp":"2025-02-18 17:24:37","level":"INFO","message":"Login successful","meta":{"statusCode":200,"request":{"ip":"::1","method":"POST","url":"/api/user/login"},"message":"Login successful","data":null}}
{"timestamp":"2025-02-18 17:39:14","level":"INFO","message":"Login successful","meta":{"statusCode":200,"request":{"ip":"::1","method":"POST","url":"/api/user/login"},"message":"Login successful","data":null}}
{"timestamp":"2025-02-18 17:50:05","level":"INFO","message":"app listening on port 4000"}
{"timestamp":"2025-02-18 17:50:15","level":"INFO","message":"Login successful","meta":{"statusCode":200,"request":{"ip":"::1","method":"POST","url":"/api/user/login"},"message":"Login successful","data":null}}
{"timestamp":"2025-02-19 08:59:07","level":"INFO","message":"app listening on port 4000"}
{"timestamp":"2025-02-19 08:59:39","level":"INFO","message":"Login successful","meta":{"statusCode":200,"request":{"ip":"::1","method":"POST","url":"/api/user/login"},"message":"Login successful","data":null}}
{"timestamp":"2025-02-19 09:08:28","level":"INFO","message":"Login successful","meta":{"statusCode":200,"request":{"ip":"::1","method":"POST","url":"/api/user/login"},"message":"Login successful","data":null}}
{"timestamp":"2025-02-19 10:11:39","level":"INFO","message":"Login successful","meta":{"statusCode":200,"request":{"ip":"::1","method":"POST","url":"/api/user/login"},"message":"Login successful","data":null}}
{"timestamp":"2025-02-19 10:23:05","level":"INFO","message":"Login successful","meta":{"statusCode":200,"request":{"ip":"::1","method":"POST","url":"/api/user/login"},"message":"Login successful","data":null}}
{"timestamp":"2025-02-19 10:24:37","level":"INFO","message":"Login successful","meta":{"statusCode":200,"request":{"ip":"::1","method":"POST","url":"/api/user/login"},"message":"Login successful","data":null}}
{"timestamp":"2025-02-19 10:39:08","level":"INFO","message":"Login successful","meta":{"statusCode":200,"request":{"ip":"::1","method":"POST","url":"/api/user/login"},"message":"Login successful","data":null}}
{"timestamp":"2025-02-19 10:41:55","level":"INFO","message":"Login successful","meta":{"statusCode":200,"request":{"ip":"::1","method":"POST","url":"/api/user/login"},"message":"Login successful","data":null}}
{"timestamp":"2025-02-19 10:46:53","level":"INFO","message":"app listening on port 4000"}
{"timestamp":"2025-02-19 10:46:59","level":"INFO","message":"Login successful","meta":{"statusCode":200,"request":{"ip":"::1","method":"POST","url":"/api/user/login"},"message":"Login successful","data":null}}
{"timestamp":"2025-02-19 10:47:49","level":"INFO","message":"app listening on port 4000"}
{"timestamp":"2025-02-19 10:48:35","level":"INFO","message":"Login successful","meta":{"statusCode":200,"request":{"ip":"::1","method":"POST","url":"/api/user/login"},"message":"Login successful","data":null}}
{"timestamp":"2025-02-19 10:49:02","level":"INFO","message":"Login successful","meta":{"statusCode":200,"request":{"ip":"::1","method":"POST","url":"/api/user/login"},"message":"Login successful","data":null}}
{"timestamp":"2025-02-19 11:05:51","level":"INFO","message":"Login successful","meta":{"statusCode":200,"request":{"ip":"::1","method":"POST","url":"/api/user/login"},"message":"Login successful","data":null}}
{"timestamp":"2025-02-19 11:10:25","level":"INFO","message":"Login successful","meta":{"statusCode":200,"request":{"ip":"::1","method":"POST","url":"/api/user/login"},"message":"Login successful","data":null}}
{"timestamp":"2025-02-19 11:15:16","level":"INFO","message":"Login successful","meta":{"statusCode":200,"request":{"ip":"::1","method":"POST","url":"/api/user/login"},"message":"Login successful","data":null}}
{"timestamp":"2025-02-19 11:19:52","level":"INFO","message":"Login successful","meta":{"statusCode":200,"request":{"ip":"::1","method":"POST","url":"/api/user/login"},"message":"Login successful","data":null}}
{"timestamp":"2025-02-19 11:20:28","level":"INFO","message":"Login successful","meta":{"statusCode":200,"request":{"ip":"::1","method":"POST","url":"/api/user/login"},"message":"Login successful","data":null}}
{"timestamp":"2025-02-19 11:20:56","level":"INFO","message":"Login successful","meta":{"statusCode":200,"request":{"ip":"::1","method":"POST","url":"/api/user/login"},"message":"Login successful","data":null}}
{"timestamp":"2025-02-19 11:28:58","level":"INFO","message":"Login successful","meta":{"statusCode":200,"request":{"ip":"::1","method":"POST","url":"/api/user/login"},"message":"Login successful","data":null}}
{"timestamp":"2025-02-19 11:42:12","level":"INFO","message":"app listening on port 4000"}
{"timestamp":"2025-02-19 11:42:58","level":"INFO","message":"Login successful","meta":{"statusCode":200,"request":{"ip":"::1","method":"POST","url":"/api/user/login"},"message":"Login successful","data":null}}
{"timestamp":"2025-02-19 12:03:22","level":"INFO","message":"app listening on port 4000"}
{"timestamp":"2025-02-19 12:03:42","level":"INFO","message":"app listening on port 4000"}
{"timestamp":"2025-02-19 12:03:53","level":"INFO","message":"Login successful","meta":{"statusCode":200,"request":{"ip":"::1","method":"POST","url":"/api/user/login"},"message":"Login successful","data":null}}
{"timestamp":"2025-02-19 12:07:48","level":"INFO","message":"app listening on port 4000"}
{"timestamp":"2025-02-19 12:07:58","level":"INFO","message":"Login successful","meta":{"statusCode":200,"request":{"ip":"::1","method":"POST","url":"/api/user/login"},"message":"Login successful","data":null}}
{"timestamp":"2025-02-19 13:06:51","level":"INFO","message":"Login successful","meta":{"statusCode":200,"request":{"ip":"::1","method":"POST","url":"/api/user/login"},"message":"Login successful","data":null}}
{"timestamp":"2025-02-19 13:11:28","level":"INFO","message":"Login successful","meta":{"statusCode":200,"request":{"ip":"::1","method":"POST","url":"/api/user/login"},"message":"Login successful","data":null}}
{"timestamp":"2025-02-19 13:11:41","level":"INFO","message":"Login successful","meta":{"statusCode":200,"request":{"ip":"::1","method":"POST","url":"/api/user/login"},"message":"Login successful","data":null}}
{"timestamp":"2025-02-19 13:24:33","level":"INFO","message":"Login successful","meta":{"statusCode":200,"request":{"ip":"::1","method":"POST","url":"/api/user/login"},"message":"Login successful","data":null}}
{"timestamp":"2025-02-19 13:27:26","level":"INFO","message":"Login successful","meta":{"statusCode":200,"request":{"ip":"::1","method":"POST","url":"/api/user/login"},"message":"Login successful","data":null}}
{"timestamp":"2025-02-19 13:28:12","level":"INFO","message":"Login successful","meta":{"statusCode":200,"request":{"ip":"::1","method":"POST","url":"/api/user/login"},"message":"Login successful","data":null}}
{"timestamp":"2025-02-19 13:31:10","level":"INFO","message":"Login successful","meta":{"statusCode":200,"request":{"ip":"::1","method":"POST","url":"/api/user/login"},"message":"Login successful","data":null}}
{"timestamp":"2025-02-19 13:37:06","level":"INFO","message":"Login successful","meta":{"statusCode":200,"request":{"ip":"::1","method":"POST","url":"/api/user/login"},"message":"Login successful","data":null}}
{"timestamp":"2025-02-19 13:45:24","level":"INFO","message":"Login successful","meta":{"statusCode":200,"request":{"ip":"::1","method":"POST","url":"/api/user/login"},"message":"Login successful","data":null}}
{"timestamp":"2025-02-19 13:46:35","level":"INFO","message":"Login successful","meta":{"statusCode":200,"request":{"ip":"::1","method":"POST","url":"/api/user/login"},"message":"Login successful","data":null}}
{"timestamp":"2025-02-19 14:03:09","level":"INFO","message":"Login successful","meta":{"statusCode":200,"request":{"ip":"::1","method":"POST","url":"/api/user/login"},"message":"Login successful","data":null}}
{"timestamp":"2025-02-19 14:21:18","level":"INFO","message":"Login successful","meta":{"statusCode":200,"request":{"ip":"::1","method":"POST","url":"/api/user/login"},"message":"Login successful","data":null}}
{"timestamp":"2025-02-19 14:51:39","level":"INFO","message":"Login successful","meta":{"statusCode":200,"request":{"ip":"::1","method":"POST","url":"/api/user/login"},"message":"Login successful","data":null}}
{"timestamp":"2025-02-19 14:54:56","level":"INFO","message":"Login successful","meta":{"statusCode":200,"request":{"ip":"::1","method":"POST","url":"/api/user/login"},"message":"Login successful","data":null}}
{"timestamp":"2025-02-19 15:04:36","level":"INFO","message":"Login successful","meta":{"statusCode":200,"request":{"ip":"::1","method":"POST","url":"/api/user/login"},"message":"Login successful","data":null}}
{"timestamp":"2025-02-19 15:05:16","level":"INFO","message":"Login successful","meta":{"statusCode":200,"request":{"ip":"::1","method":"POST","url":"/api/user/login"},"message":"Login successful","data":null}}
{"timestamp":"2025-02-19 15:19:19","level":"INFO","message":"Login successful","meta":{"statusCode":200,"request":{"ip":"::1","method":"POST","url":"/api/user/login"},"message":"Login successful","data":null}}
{"timestamp":"2025-02-19 15:24:08","level":"INFO","message":"Login successful","meta":{"statusCode":200,"request":{"ip":"::1","method":"POST","url":"/api/user/login"},"message":"Login successful","data":null}}
{"timestamp":"2025-02-19 15:24:27","level":"INFO","message":"Login successful","meta":{"statusCode":200,"request":{"ip":"::1","method":"POST","url":"/api/user/login"},"message":"Login successful","data":null}}
{"timestamp":"2025-02-19 15:32:18","level":"INFO","message":"Login successful","meta":{"statusCode":200,"request":{"ip":"::1","method":"POST","url":"/api/user/login"},"message":"Login successful","data":null}}
{"timestamp":"2025-02-19 15:33:14","level":"INFO","message":"Login successful","meta":{"statusCode":200,"request":{"ip":"::1","method":"POST","url":"/api/user/login"},"message":"Login successful","data":null}}
{"timestamp":"2025-02-19 15:52:40","level":"INFO","message":"Login successful","meta":{"statusCode":200,"request":{"ip":"::1","method":"POST","url":"/api/user/login"},"message":"Login successful","data":null}}
{"timestamp":"2025-02-19 15:53:11","level":"INFO","message":"Login successful","meta":{"statusCode":200,"request":{"ip":"::1","method":"POST","url":"/api/user/login"},"message":"Login successful","data":null}}
{"timestamp":"2025-02-19 15:53:26","level":"INFO","message":"Login successful","meta":{"statusCode":200,"request":{"ip":"::1","method":"POST","url":"/api/user/login"},"message":"Login successful","data":null}}
{"timestamp":"2025-02-19 15:55:42","level":"INFO","message":"Login successful","meta":{"statusCode":200,"request":{"ip":"::1","method":"POST","url":"/api/user/login"},"message":"Login successful","data":null}}
{"timestamp":"2025-02-19 15:56:11","level":"INFO","message":"Login successful","meta":{"statusCode":200,"request":{"ip":"::1","method":"POST","url":"/api/user/login"},"message":"Login successful","data":null}}
